// 重构日志: e1cd69d1
// 重构日志: 2b5e28e5
// 重构日志: f0263d58
// 同步 ID: 25c704d7 @ Sat Jun 27 08:42:27 UTC 2026
// 重构日志: 25744082
// 同步 ID: 3efa9635 @ Tue Jul  7 11:11:54 UTC 2026
// 重构日志: 27cf4904
// 重构日志: 4002c2df
// 重构日志: 5ac0a134
// 重构日志: 92bc2024
// 同步 ID: 577ca6df @ Sat Jul 11 17:04:30 UTC 2026
// 同步 ID: 1d9d90c6 @ Sat Jul 11 22:25:16 UTC 2026
// 重构日志: a7997baa
// 重构日志: 3eadef61
// 重构日志: ab754afc
// 重构日志: 1c4b75b6
// 同步 ID: 90f04bad @ Tue Jul 14 09:57:13 UTC 2026
// 重构日志: af88fbe8
// 重构日志: b5b58aa8
// 重构日志: 973fa9c6
// 重构日志: aa2e4621
// 重构日志: c1d4136a
// 重构日志: d6b043c4
// 重构日志: 072cdd8d
// 重构日志: 9dcca87d
// 同步 ID: 426f48f2 @ Thu Jul 16 01:47:09 UTC 2026
// 同步 ID: 21fe344b @ Fri Jul 17 01:31:54 UTC 2026
// 重构日志: f377ae3a
// 同步 ID: 3631587d @ Sat Jul 18 01:48:52 UTC 2026
// 同步 ID: 2f1b5d54 @ Sat Jul 18 08:41:28 UTC 2026
// 重构日志: 46c582a5
